<?xml version="1.0" encoding="UTF-8"?>
<!-- Generated by org.testng.reporters.JUnitXMLReporter -->
<testsuite hostname="kledchendeMacBook-Pro.local" ignored="0" name="Surefire test" tests="8" failures="0" timestamp="16 十一月 2020 02:21:14 GMT" time="2.644" errors="0">
  <testcase name="testBeanUtils on testBeanUtils(kled.test.SpringUtilsTest)" time="2.209" classname="kled.test.SpringUtilsTest"/>
  <testcase name="testClassUtils on testClassUtils(kled.test.SpringUtilsTest)" time="2.21" classname="kled.test.SpringUtilsTest"/>
  <testcase name="testBeanFactoryUtils on testBeanFactoryUtils(kled.test.SpringUtilsTest)" time="2.22" classname="kled.test.SpringUtilsTest"/>
  <testcase name="testAopUtils on testAopUtils(kled.test.SpringUtilsTest)" time="2.222" classname="kled.test.SpringUtilsTest"/>
  <testcase name="testAopProxyUtils on testAopProxyUtils(kled.test.SpringUtilsTest)" time="2.223" classname="kled.test.SpringUtilsTest"/>
  <testcase name="testAnnotationUtils on testAnnotationUtils(kled.test.SpringUtilsTest)" time="2.239" classname="kled.test.SpringUtilsTest"/>
  <testcase name="testContextLoads on testContextLoads(kled.test.SpringUtilsTest)" time="2.241" classname="kled.test.SpringTestISpringBootApplicationTests"/>
  <testcase name="testContextLoads on testContextLoads(kled.test.SpringTestISpringBootApplicationTests)" time="0.003" classname="kled.test.SpringTestISpringBootApplicationTests"/>
</testsuite> <!-- Surefire test -->
