<?xml version="1.0" encoding="UTF-8"?>
<testsuite xmlns:xsi="http://www.w3.org/2001/XMLSchema-instance" xsi:noNamespaceSchemaLocation="https://maven.apache.org/surefire/maven-surefire-plugin/xsd/surefire-test-report.xsd" name="TestSuite" time="2.856" tests="8" errors="0" skipped="0" failures="0">
  <properties>
[...]
</properties>
  <testcase name="testBeanUtils on testBeanUtils(kled.test.SpringUtilsTest)" classname="kled.test.SpringUtilsTest" time="0.007"/>
  <testcase name="testClassUtils on testClassUtils(kled.test.SpringUtilsTest)" classname="kled.test.SpringUtilsTest" time="0"/>
  <testcase name="testBeanFactoryUtils on testBeanFactoryUtils(kled.test.SpringUtilsTest)" classname="kled.test.SpringUtilsTest" time="0.011"/>
  <testcase name="testAopUtils on testAopUtils(kled.test.SpringUtilsTest)" classname="kled.test.SpringUtilsTest" time="0.001"/>
  <testcase name="testAopProxyUtils on testAopProxyUtils(kled.test.SpringUtilsTest)" classname="kled.test.SpringUtilsTest" time="0"/>
  <testcase name="testAnnotationUtils on testAnnotationUtils(kled.test.SpringUtilsTest)" classname="kled.test.SpringUtilsTest" time="0.017"/>
  <testcase name="testContextLoads on testContextLoads(kled.test.SpringUtilsTest)" classname="kled.test.SpringUtilsTest" time="0"/>
  <testcase name="testContextLoads on testContextLoads(kled.test.SpringTestISpringBootApplicationTests)" classname="kled.test.SpringTestISpringBootApplicationTests" time="0"/>
</testsuite>